<?xml version="1.0" encoding="UTF-8"?>
<robot generator="Robot 6.1.1 (Python 3.11.4 on win32)" generated="20230730 16:34:23.071" rpa="false" schemaversion="4">
<suite id="s1" name="TestSuite" source="C:\Users\hp\Desktop\pipline\TestSuite.robot">
<test id="s1-t1" name="Test Factorial Calculation" line="5">
<kw name="Factorial">
<var>${result}</var>
<arg>5</arg>
<msg timestamp="20230730 16:34:31.265" level="FAIL">No keyword with name 'Factorial' found.</msg>
<status status="FAIL" starttime="20230730 16:34:31.265" endtime="20230730 16:34:31.265"/>
</kw>
<kw name="Should Be Equal As Integers" library="BuiltIn">
<arg>${result}</arg>
<arg>120</arg>
<doc>Fails if objects are unequal after converting them to integers.</doc>
<status status="NOT RUN" starttime="20230730 16:34:31.266" endtime="20230730 16:34:31.266"/>
</kw>
<status status="FAIL" starttime="20230730 16:34:31.264" endtime="20230730 16:34:31.266">No keyword with name 'Factorial' found.</status>
</test>
<status status="FAIL" starttime="20230730 16:34:23.071" endtime="20230730 16:34:31.268"/>
</suite>
<statistics>
<total>
<stat pass="0" fail="1" skip="0">All Tests</stat>
</total>
<tag>
</tag>
<suite>
<stat pass="0" fail="1" skip="0" id="s1" name="TestSuite">TestSuite</stat>
</suite>
</statistics>
<errors>
<msg timestamp="20230730 16:34:31.261" level="ERROR">Error in file 'C:\Users\hp\Desktop\pipline\TestSuite.robot' on line 2: Getting keyword names from library 'Remote' failed: Calling dynamic method 'get_keyword_names' failed: Connecting remote server at http://localhost:8270 failed: [WinError 10061] Aucune connexion n’a pu être établie car l’ordinateur cible l’a expressément refusée</msg>
</errors>
</robot>
