<?xml version="1.0" encoding="UTF-8"?>
<robot generator="Robot 6.1.1 (Python 3.11.4 on win32)" generated="20230808 10:51:52.431" rpa="false" schemaversion="4">
<suite id="s1" name="Test" source="C:\Users\hp\Desktop\pipline\test.robot">
<test id="s1-t1" name="Test Greeting Message with Edge" line="5">
<kw name="Open Browser" library="SeleniumLibrary">
<arg>file:///C:/Users/hp/Desktop/pipline/MainClass.html</arg>
<arg>edge</arg>
<arg>executable_path=C:\\Users\\hp\\Downloads\\edgedriver_win64\\msedgedriver.exe</arg>
<doc>Opens a new browser instance to the optional ``url``.</doc>
<msg timestamp="20230808 10:51:54.569" level="INFO">Opening browser 'edge' to base url 'file:///C:/Users/hp/Desktop/pipline/MainClass.html'.</msg>
<msg timestamp="20230808 10:51:54.574" level="INFO">Executing: C:\Users\hp\AppData\Local\Programs\Python\Python311\Lib\site-packages\selenium\webdriver\common\windows\selenium-manager.exe --browser edge --output json</msg>
<msg timestamp="20230808 10:52:10.963" level="WARN">Incompatible release of msedgedriver (version 115.0.1901.183) detected in PATH: C:\Users\hp\Desktop\pipline\msedgedriver.exe</msg>
<status status="PASS" starttime="20230808 10:51:54.569" endtime="20230808 10:52:16.428"/>
</kw>
<kw name="Sleep" library="BuiltIn">
<arg>2s</arg>
<doc>Pauses the test executed for the given time.</doc>
<msg timestamp="20230808 10:52:18.429" level="INFO">Slept 2 seconds</msg>
<status status="PASS" starttime="20230808 10:52:16.428" endtime="20230808 10:52:18.429"/>
</kw>
<kw name="Get Text" library="SeleniumLibrary">
<var>${greeting}</var>
<arg>xpath=//div[@id="Greetings"]/h1</arg>
<doc>Returns the text value of the element identified by ``locator``.</doc>
<msg timestamp="20230808 10:52:18.537" level="INFO">${greeting} = Hello, World!</msg>
<status status="PASS" starttime="20230808 10:52:18.429" endtime="20230808 10:52:18.537"/>
</kw>
<kw name="Should Be Equal" library="BuiltIn">
<arg>${greeting}</arg>
<arg>Hello, World!</arg>
<doc>Fails if the given objects are unequal.</doc>
<status status="PASS" starttime="20230808 10:52:18.537" endtime="20230808 10:52:18.537"/>
</kw>
<kw name="Close Browser" library="SeleniumLibrary">
<doc>Closes the current browser.</doc>
<status status="PASS" starttime="20230808 10:52:18.538" endtime="20230808 10:52:22.388"/>
</kw>
<status status="PASS" starttime="20230808 10:51:54.567" endtime="20230808 10:52:22.388"/>
</test>
<status status="PASS" starttime="20230808 10:51:52.434" endtime="20230808 10:52:22.390"/>
</suite>
<statistics>
<total>
<stat pass="1" fail="0" skip="0">All Tests</stat>
</total>
<tag>
</tag>
<suite>
<stat pass="1" fail="0" skip="0" id="s1" name="Test">Test</stat>
</suite>
</statistics>
<errors>
<msg timestamp="20230808 10:52:10.963" level="WARN">Incompatible release of msedgedriver (version 115.0.1901.183) detected in PATH: C:\Users\hp\Desktop\pipline\msedgedriver.exe</msg>
</errors>
</robot>
