<?xml version="1.0" encoding="UTF-8"?>
<robot generator="Robot 6.1.1 (Python 3.11.4 on win32)" generated="20230731 21:03:30.307" rpa="false" schemaversion="4">
<suite id="s1" name="Test3" source="C:\Users\hp\Desktop\pipline\test3.robot">
<test id="s1-t1" name="Run Java Application Test" line="6">
<kw name="Set Variable" library="BuiltIn">
<var>${jar_path}</var>
<arg>C:/Users/hp/Desktop/piplinev0/target/devops-pipeline.jar</arg>
<doc>Returns the given values which can then be assigned to a variables.</doc>
<msg timestamp="20230731 21:03:30.388" level="INFO">${jar_path} = C:/Users/hp/Desktop/piplinev0/target/devops-pipeline.jar</msg>
<status status="PASS" starttime="20230731 21:03:30.388" endtime="20230731 21:03:30.388"/>
</kw>
<kw name="Set Variable" library="BuiltIn">
<var>${java_file}</var>
<arg>C:/Users/hp/Desktop/piplinev0/src/main/java/com/example/MainClass.java</arg>
<doc>Returns the given values which can then be assigned to a variables.</doc>
<msg timestamp="20230731 21:03:30.388" level="INFO">${java_file} = C:/Users/hp/Desktop/piplinev0/src/main/java/com/example/MainClass.java</msg>
<status status="PASS" starttime="20230731 21:03:30.388" endtime="20230731 21:03:30.388"/>
</kw>
<kw name="Run Process" library="Process">
<arg>javac</arg>
<arg>${java_file}</arg>
<doc>Runs a process and waits for it to complete.</doc>
<msg timestamp="20230731 21:03:30.388" level="INFO">Starting process:
javac C:/Users/hp/Desktop/piplinev0/src/main/java/com/example/MainClass.java</msg>
<msg timestamp="20230731 21:03:30.404" level="INFO">Waiting for process to complete.</msg>
<msg timestamp="20230731 21:03:31.464" level="INFO">Process completed.</msg>
<status status="PASS" starttime="20230731 21:03:30.388" endtime="20230731 21:03:31.464"/>
</kw>
<kw name="Run Process" library="Process">
<var>${result}</var>
<arg>java</arg>
<arg>-cp</arg>
<arg>${jar_path}</arg>
<arg>com.example.MainClass</arg>
<doc>Runs a process and waits for it to complete.</doc>
<msg timestamp="20230731 21:03:31.464" level="INFO">Starting process:
java -cp C:/Users/hp/Desktop/piplinev0/target/devops-pipeline.jar com.example.MainClass</msg>
<msg timestamp="20230731 21:03:31.481" level="INFO">Waiting for process to complete.</msg>
<msg timestamp="20230731 21:03:31.890" level="INFO">Process completed.</msg>
<msg timestamp="20230731 21:03:31.890" level="INFO">${result} = &lt;result object with rc 0&gt;</msg>
<status status="PASS" starttime="20230731 21:03:31.464" endtime="20230731 21:03:31.890"/>
</kw>
<kw name="Set Variable" library="BuiltIn">
<var>${output}</var>
<arg>${result.stdout.strip()}</arg>
<doc>Returns the given values which can then be assigned to a variables.</doc>
<msg timestamp="20230731 21:03:31.890" level="INFO">${output} = Hello,World!</msg>
<status status="PASS" starttime="20230731 21:03:31.890" endtime="20230731 21:03:31.890"/>
</kw>
<kw name="Should Be Equal As Strings" library="BuiltIn">
<arg>${output}</arg>
<arg>Hello,World!</arg>
<doc>Fails if objects are unequal after converting them to strings.</doc>
<status status="PASS" starttime="20230731 21:03:31.890" endtime="20230731 21:03:31.890"/>
</kw>
<kw name="Log" library="BuiltIn">
<arg>Captured Output: ${output}</arg>
<doc>Logs the given message with the given level.</doc>
<msg timestamp="20230731 21:03:31.890" level="INFO">Captured Output: Hello,World!</msg>
<status status="PASS" starttime="20230731 21:03:31.890" endtime="20230731 21:03:31.890"/>
</kw>
<kw name="Log" library="BuiltIn">
<arg>Expected Output: Hello,World!</arg>
<doc>Logs the given message with the given level.</doc>
<msg timestamp="20230731 21:03:31.890" level="INFO">Expected Output: Hello,World!</msg>
<status status="PASS" starttime="20230731 21:03:31.890" endtime="20230731 21:03:31.890"/>
</kw>
<status status="PASS" starttime="20230731 21:03:30.388" endtime="20230731 21:03:31.890"/>
</test>
<status status="PASS" starttime="20230731 21:03:30.316" endtime="20230731 21:03:31.890"/>
</suite>
<statistics>
<total>
<stat pass="1" fail="0" skip="0">All Tests</stat>
</total>
<tag>
</tag>
<suite>
<stat pass="1" fail="0" skip="0" id="s1" name="Test3">Test3</stat>
</suite>
</statistics>
<errors>
</errors>
</robot>
