<?xml version="1.0" encoding="UTF-8"?>
<robot generator="Robot 6.1.1 (Python 3.11.4 on win32)" generated="20230730 20:32:49.529" rpa="false" schemaversion="4">
<suite id="s1" name="Test2" source="C:\Users\hp\Desktop\pipline\test2.robot">
<test id="s1-t1" name="Test Greeting Message with Edge (Headless)" line="5">
<kw name="Evaluate" library="BuiltIn">
<var>${options}</var>
<arg>sys.modules['selenium.webdriver'].EdgeOptions()</arg>
<arg>sys</arg>
<doc>Evaluates the given expression in Python and returns the result.</doc>
<msg timestamp="20230730 20:32:49.721" level="INFO">${options} = &lt;selenium.webdriver.edge.options.Options object at 0x000001E193ED48D0&gt;</msg>
<status status="PASS" starttime="20230730 20:32:49.721" endtime="20230730 20:32:49.721"/>
</kw>
<kw name="Call Method" library="BuiltIn">
<arg>${options}</arg>
<arg>add_argument</arg>
<arg>--headless</arg>
<doc>Calls the named method of the given object with the provided arguments.</doc>
<status status="PASS" starttime="20230730 20:32:49.722" endtime="20230730 20:32:49.722"/>
</kw>
<kw name="Set Variable" library="BuiltIn">
<var>${executable_path}</var>
<arg>C:\\Users\\hp\\Downloads\\edgedriver_win64\\msedgedriver.exe</arg>
<doc>Returns the given values which can then be assigned to a variables.</doc>
<msg timestamp="20230730 20:32:49.722" level="INFO">${executable_path} = C:\Users\hp\Downloads\edgedriver_win64\msedgedriver.exe</msg>
<status status="PASS" starttime="20230730 20:32:49.722" endtime="20230730 20:32:49.722"/>
</kw>
<kw name="Open Browser" library="SeleniumLibrary">
<arg>file:///C:/Users/hp/Desktop/pipline/MainClass.html</arg>
<arg>edge</arg>
<arg>options=${options}</arg>
<arg>executable_path=${executable_path}</arg>
<doc>Opens a new browser instance to the optional ``url``.</doc>
<msg timestamp="20230730 20:32:49.723" level="INFO">Opening browser 'edge' to base url 'file:///C:/Users/hp/Desktop/pipline/MainClass.html'.</msg>
<status status="PASS" starttime="20230730 20:32:49.723" endtime="20230730 20:32:52.234"/>
</kw>
<kw name="Sleep" library="BuiltIn">
<arg>2s</arg>
<doc>Pauses the test executed for the given time.</doc>
<msg timestamp="20230730 20:32:54.236" level="INFO">Slept 2 seconds</msg>
<status status="PASS" starttime="20230730 20:32:52.235" endtime="20230730 20:32:54.236"/>
</kw>
<kw name="Get Text" library="SeleniumLibrary">
<var>${greeting}</var>
<arg>xpath=//div[@id="Greetings"]/h1</arg>
<doc>Returns the text value of the element identified by ``locator``.</doc>
<msg timestamp="20230730 20:32:54.293" level="INFO">${greeting} = Hello, World!</msg>
<status status="PASS" starttime="20230730 20:32:54.236" endtime="20230730 20:32:54.293"/>
</kw>
<kw name="Should Be Equal" library="BuiltIn">
<arg>${greeting}</arg>
<arg>Hello, World!</arg>
<doc>Fails if the given objects are unequal.</doc>
<status status="PASS" starttime="20230730 20:32:54.293" endtime="20230730 20:32:54.293"/>
</kw>
<kw name="Close Browser" library="SeleniumLibrary">
<doc>Closes the current browser.</doc>
<status status="PASS" starttime="20230730 20:32:54.293" endtime="20230730 20:32:56.336"/>
</kw>
<status status="PASS" starttime="20230730 20:32:49.720" endtime="20230730 20:32:56.336"/>
</test>
<status status="PASS" starttime="20230730 20:32:49.529" endtime="20230730 20:32:56.336"/>
</suite>
<statistics>
<total>
<stat pass="1" fail="0" skip="0">All Tests</stat>
</total>
<tag>
</tag>
<suite>
<stat pass="1" fail="0" skip="0" id="s1" name="Test2">Test2</stat>
</suite>
</statistics>
<errors>
</errors>
</robot>
