<?xml version="1.0" encoding="UTF-8"?>
<robot generator="Robot 6.1.1 (Python 3.11.4 on win32)" generated="20230809 15:43:17.923" rpa="false" schemaversion="4">
<suite id="s1" name="Test" source="C:\Users\hp\Desktop\pipline\test.robot">
<test id="s1-t1" name="Test Greeting Message with Edge" line="5">
<kw name="Open Browser" library="SeleniumLibrary">
<arg>file:///C:/Users/hp/Desktop/pipline/MainClass.html</arg>
<arg>edge</arg>
<arg>executable_path=C:\\Users\\hp\\Downloads\\edgedriver_win64\\msedgedriver.exe</arg>
<doc>Opens a new browser instance to the optional ``url``.</doc>
<msg timestamp="20230809 15:43:18.277" level="INFO">Opening browser 'edge' to base url 'file:///C:/Users/hp/Desktop/pipline/MainClass.html'.</msg>
<msg timestamp="20230809 15:43:18.389" level="INFO">Executing: C:\Users\hp\AppData\Local\Programs\Python\Python311\Lib\site-packages\selenium\webdriver\common\windows\selenium-manager.exe --browser edge --output json</msg>
<msg timestamp="20230809 15:43:19.157" level="WARN">Incompatible release of msedgedriver (version 115.0.1901.183) detected in PATH: C:\Users\hp\Desktop\pipline\msedgedriver.exe</msg>
<status status="PASS" starttime="20230809 15:43:18.277" endtime="20230809 15:43:24.493"/>
</kw>
<kw name="Sleep" library="BuiltIn">
<arg>2s</arg>
<doc>Pauses the test executed for the given time.</doc>
<msg timestamp="20230809 15:43:26.493" level="INFO">Slept 2 seconds</msg>
<status status="PASS" starttime="20230809 15:43:24.493" endtime="20230809 15:43:26.493"/>
</kw>
<kw name="Get Text" library="SeleniumLibrary">
<var>${greeting}</var>
<arg>xpath=//div[@id="Greetings"]/h1</arg>
<doc>Returns the text value of the element identified by ``locator``.</doc>
<msg timestamp="20230809 15:43:26.592" level="INFO">${greeting} = Hello, World!</msg>
<status status="PASS" starttime="20230809 15:43:26.493" endtime="20230809 15:43:26.592"/>
</kw>
<kw name="Should Be Equal" library="BuiltIn">
<arg>${greeting}</arg>
<arg>Hello, World!</arg>
<doc>Fails if the given objects are unequal.</doc>
<status status="PASS" starttime="20230809 15:43:26.592" endtime="20230809 15:43:26.592"/>
</kw>
<kw name="Close Browser" library="SeleniumLibrary">
<doc>Closes the current browser.</doc>
<status status="PASS" starttime="20230809 15:43:26.592" endtime="20230809 15:43:28.835"/>
</kw>
<status status="PASS" starttime="20230809 15:43:18.277" endtime="20230809 15:43:28.836"/>
</test>
<status status="PASS" starttime="20230809 15:43:17.923" endtime="20230809 15:43:28.836"/>
</suite>
<statistics>
<total>
<stat pass="1" fail="0" skip="0">All Tests</stat>
</total>
<tag>
</tag>
<suite>
<stat pass="1" fail="0" skip="0" id="s1" name="Test">Test</stat>
</suite>
</statistics>
<errors>
<msg timestamp="20230809 15:43:19.157" level="WARN">Incompatible release of msedgedriver (version 115.0.1901.183) detected in PATH: C:\Users\hp\Desktop\pipline\msedgedriver.exe</msg>
</errors>
</robot>
