<?xml version="1.0" encoding="UTF-8"?>
<robot generator="Robot 6.1.1 (Python 3.11.4 on win32)" generated="20230730 17:17:49.205" rpa="false" schemaversion="4">
<suite id="s1" name="Test" source="C:\Users\hp\Desktop\pipline\test.robot">
<test id="s1-t1" name="Test Greeting Message with Edge" line="5">
<kw name="Open Browser" library="SeleniumLibrary">
<arg>file:///C:/Users/hp/Desktop/pipline/MainClass.html</arg>
<arg>edge</arg>
<arg>executable_path=C:\\Users\\hp\\Downloads\\edgedriver_win64\\msedgedriver.exe</arg>
<doc>Opens a new browser instance to the optional ``url``.</doc>
<msg timestamp="20230730 17:17:49.480" level="INFO">Opening browser 'edge' to base url 'file:///C:/Users/hp/Desktop/pipline/MainClass.html'.</msg>
<status status="PASS" starttime="20230730 17:17:49.480" endtime="20230730 17:17:51.476"/>
</kw>
<kw name="Sleep" library="BuiltIn">
<arg>2s</arg>
<doc>Pauses the test executed for the given time.</doc>
<msg timestamp="20230730 17:17:53.476" level="INFO">Slept 2 seconds</msg>
<status status="PASS" starttime="20230730 17:17:51.476" endtime="20230730 17:17:53.477"/>
</kw>
<kw name="Get Text" library="SeleniumLibrary">
<var>${greeting}</var>
<arg>xpath=//div[@id="Greetings"]/h1</arg>
<doc>Returns the text value of the element identified by ``locator``.</doc>
<msg timestamp="20230730 17:17:53.639" level="INFO">${greeting} = Hello, World!</msg>
<status status="PASS" starttime="20230730 17:17:53.478" endtime="20230730 17:17:53.639"/>
</kw>
<kw name="Should Be Equal" library="BuiltIn">
<arg>${greeting}</arg>
<arg>Hello, World!</arg>
<doc>Fails if the given objects are unequal.</doc>
<status status="PASS" starttime="20230730 17:17:53.647" endtime="20230730 17:17:53.647"/>
</kw>
<kw name="Close Browser" library="SeleniumLibrary">
<doc>Closes the current browser.</doc>
<status status="PASS" starttime="20230730 17:17:53.647" endtime="20230730 17:17:56.265"/>
</kw>
<status status="PASS" starttime="20230730 17:17:49.479" endtime="20230730 17:17:56.266"/>
</test>
<status status="PASS" starttime="20230730 17:17:49.205" endtime="20230730 17:17:56.266"/>
</suite>
<statistics>
<total>
<stat pass="1" fail="0" skip="0">All Tests</stat>
</total>
<tag>
</tag>
<suite>
<stat pass="1" fail="0" skip="0" id="s1" name="Test">Test</stat>
</suite>
</statistics>
<errors>
</errors>
</robot>
