<?xml version="1.0" encoding="UTF-8"?>
<robot generator="Robot 6.1 (Python 3.11.4 on win32)" generated="20230729 17:22:51.935" rpa="false" schemaversion="4">
<suite id="s1" name="Test" source="C:\Users\hp\Desktop\pipline\test.robot">
<test id="s1-t1" name="Test Greeting Message with Edge" line="5">
<kw name="Open Browser" library="SeleniumLibrary">
<arg>file:///C:/Users/hp/Desktop/pipline/MainClass.html</arg>
<arg>edge</arg>
<arg>executable_path=C:\\Users\\hp\\Downloads\\edgedriver_win64\\msedgedriver.exe</arg>
<doc>Opens a new browser instance to the optional ``url``.</doc>
<msg timestamp="20230729 17:22:52.188" level="INFO">Opening browser 'edge' to base url 'file:///C:/Users/hp/Desktop/pipline/MainClass.html'.</msg>
<kw name="Capture Page Screenshot" library="SeleniumLibrary">
<doc>Takes a screenshot of the current page and embeds it into a log file.</doc>
<msg timestamp="20230729 17:22:54.890" level="INFO">Cannot capture screenshot because no browser is open.</msg>
<status status="PASS" starttime="20230729 17:22:54.890" endtime="20230729 17:22:54.890"/>
</kw>
<msg timestamp="20230729 17:22:54.890" level="FAIL">WebDriverException: Message: unknown error: Microsoft Edge failed to start: crashed.
  (unknown error: DevToolsActivePort file doesn't exist)
  (The process started from msedge location C:\Program Files (x86)\Microsoft\Edge\Application\msedge.exe is no longer running, so msedgedriver is assuming that msedge has crashed.)
Stacktrace:
Backtrace:
	GetHandleVerifier [0x00007FF60A715372+69586]
	Microsoft::Applications::Events::EventProperty::~EventProperty [0x00007FF60A6A55B2+760242]
	(No symbol) [0x00007FF60A45B80C]
	(No symbol) [0x00007FF60A48CB9B]
	(No symbol) [0x00007FF60A487C71]
	(No symbol) [0x00007FF60A4CB371]
	(No symbol) [0x00007FF60A4C2AC3]
	(No symbol) [0x00007FF60A4957DE]
	(No symbol) [0x00007FF60A494AAB]
	(No symbol) [0x00007FF60A495F64]
	Microsoft::Applications::Events::ILogManager::DispatchEventBroadcast [0x00007FF60A8ED179+1294553]
	(No symbol) [0x00007FF60A514934]
	Microsoft::Applications::Events::EventProperty::~EventProperty [0x00007FF60A5F3D31+33073]
	Microsoft::Applications::Events::EventProperty::~EventProperty [0x00007FF60A5EC349+1865]
	Microsoft::Applications::Events::ILogManager::DispatchEventBroadcast [0x00007FF60A8EBD51+1289393]
	Microsoft::Applications::Events::ILogConfiguration::operator* [0x00007FF60A6ADBB8+20184]
	Microsoft::Applications::Events::ILogConfiguration::operator* [0x00007FF60A6AA244+5476]
	Microsoft::Applications::Events::ILogConfiguration::operator* [0x00007FF60A6AA33C+5724]
	Microsoft::Applications::Events::EventProperty::~EventProperty [0x00007FF60A69EBF1+733169]
	BaseThreadInitThunk [0x00007FFBC4E226AD+29]
	RtlUserThreadStart [0x00007FFBC66AAA68+40]
</msg>
<status status="FAIL" starttime="20230729 17:22:52.188" endtime="20230729 17:22:54.890"/>
</kw>
<kw name="Sleep" library="BuiltIn">
<arg>2s</arg>
<doc>Pauses the test executed for the given time.</doc>
<status status="NOT RUN" starttime="20230729 17:22:54.890" endtime="20230729 17:22:54.890"/>
</kw>
<kw name="Get Text" library="SeleniumLibrary">
<var>${greeting}</var>
<arg>xpath=//div[@id="Greetings"]/h1</arg>
<doc>Returns the text value of the element identified by ``locator``.</doc>
<status status="NOT RUN" starttime="20230729 17:22:54.890" endtime="20230729 17:22:54.890"/>
</kw>
<kw name="Should Be Equal" library="BuiltIn">
<arg>${greeting}</arg>
<arg>Hello, World!</arg>
<doc>Fails if the given objects are unequal.</doc>
<status status="NOT RUN" starttime="20230729 17:22:54.900" endtime="20230729 17:22:54.900"/>
</kw>
<kw name="Close Browser" library="SeleniumLibrary">
<doc>Closes the current browser.</doc>
<status status="NOT RUN" starttime="20230729 17:22:54.900" endtime="20230729 17:22:54.900"/>
</kw>
<status status="FAIL" starttime="20230729 17:22:52.188" endtime="20230729 17:22:54.900">WebDriverException: Message: unknown error: Microsoft Edge failed to start: crashed.
  (unknown error: DevToolsActivePort file doesn't exist)
  (The process started from msedge location C:\Program Files (x86)\Microsoft\Edge\Application\msedge.exe is no longer running, so msedgedriver is assuming that msedge has crashed.)
Stacktrace:
Backtrace:
	GetHandleVerifier [0x00007FF60A715372+69586]
	Microsoft::Applications::Events::EventProperty::~EventProperty [0x00007FF60A6A55B2+760242]
	(No symbol) [0x00007FF60A45B80C]
	(No symbol) [0x00007FF60A48CB9B]
	(No symbol) [0x00007FF60A487C71]
	(No symbol) [0x00007FF60A4CB371]
	(No symbol) [0x00007FF60A4C2AC3]
	(No symbol) [0x00007FF60A4957DE]
	(No symbol) [0x00007FF60A494AAB]
	(No symbol) [0x00007FF60A495F64]
	Microsoft::Applications::Events::ILogManager::DispatchEventBroadcast [0x00007FF60A8ED179+1294553]
	(No symbol) [0x00007FF60A514934]
	Microsoft::Applications::Events::EventProperty::~EventProperty [0x00007FF60A5F3D31+33073]
	Microsoft::Applications::Events::EventProperty::~EventProperty [0x00007FF60A5EC349+1865]
	Microsoft::Applications::Events::ILogManager::DispatchEventBroadcast [0x00007FF60A8EBD51+1289393]
	Microsoft::Applications::Events::ILogConfiguration::operator* [0x00007FF60A6ADBB8+20184]
	Microsoft::Applications::Events::ILogConfiguration::operator* [0x00007FF60A6AA244+5476]
	Microsoft::Applications::Events::ILogConfiguration::operator* [0x00007FF60A6AA33C+5724]
	Microsoft::Applications::Events::EventProperty::~EventProperty [0x00007FF60A69EBF1+733169]
	BaseThreadInitThunk [0x00007FFBC4E226AD+29]
	RtlUserThreadStart [0x00007FFBC66AAA68+40]
</status>
</test>
<status status="FAIL" starttime="20230729 17:22:51.935" endtime="20230729 17:22:54.900"/>
</suite>
<statistics>
<total>
<stat pass="0" fail="1" skip="0">All Tests</stat>
</total>
<tag>
</tag>
<suite>
<stat pass="0" fail="1" skip="0" id="s1" name="Test">Test</stat>
</suite>
</statistics>
<errors>
</errors>
</robot>
